[debug] [2024-05-27T12:16:11.761Z] ----------------------------------------------------------------------
[debug] [2024-05-27T12:16:11.764Z] Command:       /usr/bin/node /home/sofanit/Desktop/Amazon/Amazon-project/Amazone-clone/amazon-clone/node_modules/.bin/firebase emulators:start --only functions
[debug] [2024-05-27T12:16:11.764Z] CLI Version:   13.10.1
[debug] [2024-05-27T12:16:11.765Z] Platform:      linux
[debug] [2024-05-27T12:16:11.765Z] Node Version:  v18.19.1
[debug] [2024-05-27T12:16:11.766Z] Time:          Mon May 27 2024 15:16:11 GMT+0300 (East Africa Time)
[debug] [2024-05-27T12:16:11.766Z] ----------------------------------------------------------------------
[debug] 
[debug] [2024-05-27T12:16:11.770Z] >>> [apiv2][query] GET https://firebase-public.firebaseio.com/cli.json [none]
[debug] [2024-05-27T12:16:11.917Z] > command requires scopes: ["email","openid","https://www.googleapis.com/auth/cloudplatformprojects.readonly","https://www.googleapis.com/auth/firebase","https://www.googleapis.com/auth/cloud-platform"]
[debug] [2024-05-27T12:16:11.917Z] > authorizing via signed-in user (sofanitmesfin19@gmail.com)
[info] i  emulators: Starting emulators: functions {"metadata":{"emulator":{"name":"hub"},"message":"Starting emulators: functions"}}
[debug] [2024-05-27T12:16:11.928Z] [logging] Logging Emulator only supports listening on one address (127.0.0.1). Not listening on ::1
[debug] [2024-05-27T12:16:11.929Z] assigned listening specs for emulators {"user":{"hub":[{"address":"127.0.0.1","family":"IPv4","port":4400},{"address":"::1","family":"IPv6","port":4400}],"ui":[{"address":"127.0.0.1","family":"IPv4","port":4000},{"address":"::1","family":"IPv6","port":4000}],"logging":[{"address":"127.0.0.1","family":"IPv4","port":4500}]},"metadata":{"message":"assigned listening specs for emulators"}}
[debug] [2024-05-27T12:16:11.943Z] [hub] writing locator at /tmp/hub-n-clone-8318b.json
[debug] [2024-05-27T12:16:11.978Z] [functions] Functions Emulator only supports listening on one address (127.0.0.1). Not listening on ::1
[debug] [2024-05-27T12:16:11.979Z] [eventarc] Eventarc Emulator only supports listening on one address (127.0.0.1). Not listening on ::1
[debug] [2024-05-27T12:16:11.979Z] late-assigned ports for functions and eventarc emulators {"user":{"hub":[{"address":"127.0.0.1","family":"IPv4","port":4400},{"address":"::1","family":"IPv6","port":4400}],"ui":[{"address":"127.0.0.1","family":"IPv4","port":4000},{"address":"::1","family":"IPv6","port":4000}],"logging":[{"address":"127.0.0.1","family":"IPv4","port":4500}],"functions":[{"address":"127.0.0.1","family":"IPv4","port":5001}],"eventarc":[{"address":"127.0.0.1","family":"IPv4","port":9299}]},"metadata":{"message":"late-assigned ports for functions and eventarc emulators"}}
[warn] ⚠  functions: The following emulators are not running, calls to these services from the Functions emulator will affect production: auth, firestore, database, hosting, pubsub, storage, dataconnect {"metadata":{"emulator":{"name":"functions"},"message":"The following emulators are not running, calls to these services from the Functions emulator will affect production: \u001b[1mauth, firestore, database, hosting, pubsub, storage, dataconnect\u001b[22m"}}
[debug] [2024-05-27T12:16:11.984Z] defaultcredentials: writing to file /home/sofanit/.config/firebase/sofanitmesfin19_gmail_com_application_default_credentials.json
[debug] [2024-05-27T12:16:11.987Z] Setting GAC to /home/sofanit/.config/firebase/sofanitmesfin19_gmail_com_application_default_credentials.json {"metadata":{"emulator":{"name":"functions"},"message":"Setting GAC to /home/sofanit/.config/firebase/sofanitmesfin19_gmail_com_application_default_credentials.json"}}
[debug] [2024-05-27T12:16:11.989Z] > refreshing access token with scopes: []
[debug] [2024-05-27T12:16:11.991Z] >>> [apiv2][query] POST https://www.googleapis.com/oauth2/v3/token [none]
[debug] [2024-05-27T12:16:11.992Z] >>> [apiv2][body] POST https://www.googleapis.com/oauth2/v3/token [omitted]
[debug] [2024-05-27T12:16:12.843Z] <<< [apiv2][status] GET https://firebase-public.firebaseio.com/cli.json 200
[debug] [2024-05-27T12:16:12.844Z] <<< [apiv2][body] GET https://firebase-public.firebaseio.com/cli.json {"cloudBuildErrorAfter":1594252800000,"cloudBuildWarnAfter":1590019200000,"defaultNode10After":1594252800000,"minVersion":"3.0.5","node8DeploysDisabledAfter":1613390400000,"node8RuntimeDisabledAfter":1615809600000,"node8WarnAfter":1600128000000}
[debug] [2024-05-27T12:16:12.859Z] <<< [apiv2][status] POST https://www.googleapis.com/oauth2/v3/token 200
[debug] [2024-05-27T12:16:12.859Z] <<< [apiv2][body] POST https://www.googleapis.com/oauth2/v3/token [omitted]
[debug] [2024-05-27T12:16:12.865Z] >>> [apiv2][query] GET https://firebase.googleapis.com/v1beta1/projects/n-clone-8318b/adminSdkConfig [none]
[debug] [2024-05-27T12:16:13.931Z] <<< [apiv2][status] GET https://firebase.googleapis.com/v1beta1/projects/n-clone-8318b/adminSdkConfig 200
[debug] [2024-05-27T12:16:13.931Z] <<< [apiv2][body] GET https://firebase.googleapis.com/v1beta1/projects/n-clone-8318b/adminSdkConfig {"projectId":"n-clone-8318b","storageBucket":"n-clone-8318b.appspot.com"}
[debug] [2024-05-27T12:16:13.981Z] Ignoring unsupported arg: auto_download {"metadata":{"emulator":{"name":"ui"},"message":"Ignoring unsupported arg: auto_download"}}
[debug] [2024-05-27T12:16:13.981Z] Ignoring unsupported arg: port {"metadata":{"emulator":{"name":"ui"},"message":"Ignoring unsupported arg: port"}}
[debug] [2024-05-27T12:16:13.982Z] Starting Emulator UI with command {"binary":"node","args":["/home/sofanit/.cache/firebase/emulators/ui-v1.12.1/server/server.mjs"],"optionalArgs":[],"joinArgs":false,"shell":false} {"metadata":{"emulator":{"name":"ui"},"message":"Starting Emulator UI with command {\"binary\":\"node\",\"args\":[\"/home/sofanit/.cache/firebase/emulators/ui-v1.12.1/server/server.mjs\"],\"optionalArgs\":[],\"joinArgs\":false,\"shell\":false}"}}
[info] i  ui: Emulator UI logging to ui-debug.log {"metadata":{"emulator":{"name":"ui"},"message":"Emulator UI logging to \u001b[1mui-debug.log\u001b[22m"}}
[debug] [2024-05-27T12:16:14.337Z] Web / API server started at 127.0.0.1:4000
 {"metadata":{"emulator":{"name":"ui"},"message":"Web / API server started at 127.0.0.1:4000\n"}}
[debug] [2024-05-27T12:16:14.338Z] Web / API server started at ::1:4000
 {"metadata":{"emulator":{"name":"ui"},"message":"Web / API server started at ::1:4000\n"}}
[info] i  functions: Watching "/home/sofanit/Desktop/Amazon/Amazon-project/Amazone-clone/amazon-clone/functions" for Cloud Functions... {"metadata":{"emulator":{"name":"functions"},"message":"Watching \"/home/sofanit/Desktop/Amazon/Amazon-project/Amazone-clone/amazon-clone/functions\" for Cloud Functions..."}}
[debug] [2024-05-27T12:16:14.436Z] Validating nodejs source
[debug] [2024-05-27T12:16:15.910Z] > [functions] package.json contents: {
  "name": "functions",
  "description": "Cloud Functions for Firebase",
  "scripts": {
    "serve": "firebase emulators:start --only functions",
    "shell": "firebase functions:shell",
    "start": "npm run shell",
    "deploy": "firebase deploy --only functions",
    "logs": "firebase functions:log"
  },
  "engines": {
    "node": "18"
  },
  "main": "index.js",
  "dependencies": {
    "axios": "^1.7.2",
    "cors": "^2.8.5",
    "dotenv": "^16.4.5",
    "express": "^4.19.2",
    "firebase-admin": "^12.1.0",
    "firebase-functions": "^5.0.0",
    "stripe": "^15.8.0"
  },
  "devDependencies": {
    "firebase-functions-test": "^3.1.0"
  },
  "private": true
}
[debug] [2024-05-27T12:16:15.911Z] Building nodejs source
[debug] [2024-05-27T12:16:15.912Z] Failed to find version of module node: reached end of search path /home/sofanit/Desktop/Amazon/Amazon-project/Amazone-clone/amazon-clone/functions/node_modules
[info] ✔  functions: Using node@18 from host. 
[info] i  functions: Loaded environment variables from .env. 
[debug] [2024-05-27T12:16:15.921Z] Could not find functions.yaml. Must use http discovery
[debug] [2024-05-27T12:16:15.931Z] Found firebase-functions binary at '/home/sofanit/Desktop/Amazon/Amazon-project/Amazone-clone/amazon-clone/functions/node_modules/.bin/firebase-functions'
[info] Serving at port 8396

[debug] [2024-05-27T12:16:16.884Z] Got response from /__/functions.yaml {"endpoints":{"api":{"availableMemoryMb":null,"timeoutSeconds":null,"minInstances":null,"maxInstances":null,"ingressSettings":null,"concurrency":null,"serviceAccountEmail":null,"vpc":null,"platform":"gcfv2","labels":{},"httpsTrigger":{},"entryPoint":"api"}},"specVersion":"v1alpha1","requiredAPIs":[]}
[info] ✔  functions: Loaded functions definitions from source: api. {"metadata":{"emulator":{"name":"functions"},"message":"Loaded functions definitions from source: api."}}
[info] ✔  functions[us-central1-api]: http function initialized (http://127.0.0.1:5001/n-clone-8318b/us-central1/api). {"metadata":{"emulator":{"name":"functions"},"message":"\u001b[1mhttp\u001b[22m function initialized (http://127.0.0.1:5001/n-clone-8318b/us-central1/api)."}}
[info] 
┌─────────────────────────────────────────────────────────────┐
│ ✔  All emulators ready! It is now safe to connect your app. │
│ i  View Emulator UI at http://127.0.0.1:4000/               │
└─────────────────────────────────────────────────────────────┘

┌───────────┬────────────────┬─────────────────────────────────┐
│ Emulator  │ Host:Port      │ View in Emulator UI             │
├───────────┼────────────────┼─────────────────────────────────┤
│ Functions │ 127.0.0.1:5001 │ http://127.0.0.1:4000/functions │
└───────────┴────────────────┴─────────────────────────────────┘
  Emulator Hub running at 127.0.0.1:4400
  Other reserved ports: 4500

Issues? Report them at https://github.com/firebase/firebase-tools/issues and attach the *-debug.log files.
 
[debug] [2024-05-27T12:16:24.774Z] [work-queue] {"queuedWork":["/n-clone-8318b/us-central1/api/payment/create-2024-05-27T12:16:24.774Z"],"queueLength":1,"runningWork":[],"workRunningCount":0}
[debug] [2024-05-27T12:16:24.775Z] [work-queue] {"queuedWork":[],"queueLength":0,"runningWork":["/n-clone-8318b/us-central1/api/payment/create-2024-05-27T12:16:24.774Z"],"workRunningCount":1}
[debug] [2024-05-27T12:16:24.775Z] Accepted request POST /n-clone-8318b/us-central1/api/payment/create?total=7829.000000000001&currency=USD --> us-central1-api
[debug] [2024-05-27T12:16:24.779Z] [functions] Runtime ready! Sending request! {"metadata":{"emulator":{"name":"functions"},"message":"[functions] Runtime ready! Sending request!"}}
[debug] [2024-05-27T12:16:24.779Z] [functions] Got req.url=/n-clone-8318b/us-central1/api/payment/create?total=7829.000000000001&currency=USD, mapping to path=/payment/create?total=7829.000000000001&currency=USD {"metadata":{"emulator":{"name":"functions"},"message":"[functions] Got req.url=/n-clone-8318b/us-central1/api/payment/create?total=7829.000000000001&currency=USD, mapping to path=/payment/create?total=7829.000000000001&currency=USD"}}
[info] i  functions: Loaded environment variables from .env. 
[debug] [2024-05-27T12:16:24.795Z] [worker-pool] addWorker(us-central1-api) {"metadata":{"emulator":{"name":"functions"},"message":"[worker-pool] addWorker(us-central1-api)"}}
[debug] [2024-05-27T12:16:24.797Z] [worker-pool] Adding worker with key us-central1-api, total=1 {"metadata":{"emulator":{"name":"functions"},"message":"[worker-pool] Adding worker with key us-central1-api, total=1"}}
[debug] [2024-05-27T12:16:26.347Z] [runtime-status] [16351] Resolved module firebase-admin {"declared":true,"installed":true,"version":"12.1.1","resolution":"/home/sofanit/Desktop/Amazon/Amazon-project/Amazone-clone/amazon-clone/functions/node_modules/firebase-admin/lib/index.js"} {"metadata":{"emulator":{"name":"functions"},"function":{"name":"us-central1-api"},"extension":{},"message":"[runtime-status] [16351] Resolved module firebase-admin {\"declared\":true,\"installed\":true,\"version\":\"12.1.1\",\"resolution\":\"/home/sofanit/Desktop/Amazon/Amazon-project/Amazone-clone/amazon-clone/functions/node_modules/firebase-admin/lib/index.js\"}"}}
[debug] [2024-05-27T12:16:26.349Z] [runtime-status] [16351] Resolved module firebase-functions {"declared":true,"installed":true,"version":"5.0.1","resolution":"/home/sofanit/Desktop/Amazon/Amazon-project/Amazone-clone/amazon-clone/functions/node_modules/firebase-functions/lib/v1/index.js"} {"metadata":{"emulator":{"name":"functions"},"function":{"name":"us-central1-api"},"extension":{},"message":"[runtime-status] [16351] Resolved module firebase-functions {\"declared\":true,\"installed\":true,\"version\":\"5.0.1\",\"resolution\":\"/home/sofanit/Desktop/Amazon/Amazon-project/Amazone-clone/amazon-clone/functions/node_modules/firebase-functions/lib/v1/index.js\"}"}}
[debug] [2024-05-27T12:16:26.350Z] [runtime-status] [16351] Outgoing network have been stubbed. [{"name":"http","status":"mocked"},{"name":"http","status":"mocked"},{"name":"https","status":"mocked"},{"name":"https","status":"mocked"},{"name":"net","status":"mocked"}] {"metadata":{"emulator":{"name":"functions"},"function":{"name":"us-central1-api"},"extension":{},"message":"[runtime-status] [16351] Outgoing network have been stubbed. [{\"name\":\"http\",\"status\":\"mocked\"},{\"name\":\"http\",\"status\":\"mocked\"},{\"name\":\"https\",\"status\":\"mocked\"},{\"name\":\"https\",\"status\":\"mocked\"},{\"name\":\"net\",\"status\":\"mocked\"}]"}}
[debug] [2024-05-27T12:16:26.352Z] [runtime-status] [16351] Resolved module firebase-functions {"declared":true,"installed":true,"version":"5.0.1","resolution":"/home/sofanit/Desktop/Amazon/Amazon-project/Amazone-clone/amazon-clone/functions/node_modules/firebase-functions/lib/v1/index.js"} {"metadata":{"emulator":{"name":"functions"},"function":{"name":"us-central1-api"},"extension":{},"message":"[runtime-status] [16351] Resolved module firebase-functions {\"declared\":true,\"installed\":true,\"version\":\"5.0.1\",\"resolution\":\"/home/sofanit/Desktop/Amazon/Amazon-project/Amazone-clone/amazon-clone/functions/node_modules/firebase-functions/lib/v1/index.js\"}"}}
[debug] [2024-05-27T12:16:26.689Z] [runtime-status] [16351] Checked functions.config() {"config":{}} {"metadata":{"emulator":{"name":"functions"},"function":{"name":"us-central1-api"},"extension":{},"message":"[runtime-status] [16351] Checked functions.config() {\"config\":{}}"}}
[debug] [2024-05-27T12:16:26.690Z] [runtime-status] [16351] firebase-functions has been stubbed. {"functionsResolution":{"declared":true,"installed":true,"version":"5.0.1","resolution":"/home/sofanit/Desktop/Amazon/Amazon-project/Amazone-clone/amazon-clone/functions/node_modules/firebase-functions/lib/v1/index.js"}} {"metadata":{"emulator":{"name":"functions"},"function":{"name":"us-central1-api"},"extension":{},"message":"[runtime-status] [16351] firebase-functions has been stubbed. {\"functionsResolution\":{\"declared\":true,\"installed\":true,\"version\":\"5.0.1\",\"resolution\":\"/home/sofanit/Desktop/Amazon/Amazon-project/Amazone-clone/amazon-clone/functions/node_modules/firebase-functions/lib/v1/index.js\"}}"}}
[debug] [2024-05-27T12:16:26.692Z] [runtime-status] [16351] Resolved module firebase-functions {"declared":true,"installed":true,"version":"5.0.1","resolution":"/home/sofanit/Desktop/Amazon/Amazon-project/Amazone-clone/amazon-clone/functions/node_modules/firebase-functions/lib/v1/index.js"} {"metadata":{"emulator":{"name":"functions"},"function":{"name":"us-central1-api"},"extension":{},"message":"[runtime-status] [16351] Resolved module firebase-functions {\"declared\":true,\"installed\":true,\"version\":\"5.0.1\",\"resolution\":\"/home/sofanit/Desktop/Amazon/Amazon-project/Amazone-clone/amazon-clone/functions/node_modules/firebase-functions/lib/v1/index.js\"}"}}
[debug] [2024-05-27T12:16:26.695Z] [runtime-status] [16351] Resolved module firebase-admin {"declared":true,"installed":true,"version":"12.1.1","resolution":"/home/sofanit/Desktop/Amazon/Amazon-project/Amazone-clone/amazon-clone/functions/node_modules/firebase-admin/lib/index.js"} {"metadata":{"emulator":{"name":"functions"},"function":{"name":"us-central1-api"},"extension":{},"message":"[runtime-status] [16351] Resolved module firebase-admin {\"declared\":true,\"installed\":true,\"version\":\"12.1.1\",\"resolution\":\"/home/sofanit/Desktop/Amazon/Amazon-project/Amazone-clone/amazon-clone/functions/node_modules/firebase-admin/lib/index.js\"}"}}
[debug] [2024-05-27T12:16:26.699Z] [runtime-status] [16351] Resolved module firebase-functions {"declared":true,"installed":true,"version":"5.0.1","resolution":"/home/sofanit/Desktop/Amazon/Amazon-project/Amazone-clone/amazon-clone/functions/node_modules/firebase-functions/lib/v1/index.js"} {"metadata":{"emulator":{"name":"functions"},"function":{"name":"us-central1-api"},"extension":{},"message":"[runtime-status] [16351] Resolved module firebase-functions {\"declared\":true,\"installed\":true,\"version\":\"5.0.1\",\"resolution\":\"/home/sofanit/Desktop/Amazon/Amazon-project/Amazone-clone/amazon-clone/functions/node_modules/firebase-functions/lib/v1/index.js\"}"}}
[debug] [2024-05-27T12:16:26.699Z] [runtime-status] [16351] firebase-admin has been stubbed. {"adminResolution":{"declared":true,"installed":true,"version":"12.1.1","resolution":"/home/sofanit/Desktop/Amazon/Amazon-project/Amazone-clone/amazon-clone/functions/node_modules/firebase-admin/lib/index.js"}} {"metadata":{"emulator":{"name":"functions"},"function":{"name":"us-central1-api"},"extension":{},"message":"[runtime-status] [16351] firebase-admin has been stubbed. {\"adminResolution\":{\"declared\":true,\"installed\":true,\"version\":\"12.1.1\",\"resolution\":\"/home/sofanit/Desktop/Amazon/Amazon-project/Amazone-clone/amazon-clone/functions/node_modules/firebase-admin/lib/index.js\"}}"}}
[debug] [2024-05-27T12:16:26.899Z] [runtime-status] [16351] Functions runtime initialized. {"cwd":"/home/sofanit/Desktop/Amazon/Amazon-project/Amazone-clone/amazon-clone/functions","node_version":"18.19.1"} {"metadata":{"emulator":{"name":"functions"},"function":{"name":"us-central1-api"},"extension":{},"message":"[runtime-status] [16351] Functions runtime initialized. {\"cwd\":\"/home/sofanit/Desktop/Amazon/Amazon-project/Amazone-clone/amazon-clone/functions\",\"node_version\":\"18.19.1\"}"}}
[debug] [2024-05-27T12:16:26.901Z] [runtime-status] [16351] Listening to port: /tmp/fire_emu_da6c8cc5a21db5be.sock {"metadata":{"emulator":{"name":"functions"},"function":{"name":"us-central1-api"},"extension":{},"message":"[runtime-status] [16351] Listening to port: /tmp/fire_emu_da6c8cc5a21db5be.sock"}}
[debug] [2024-05-27T12:16:26.938Z] [worker-us-central1-api-15b24716-6e4b-4d53-8303-30f4cc68d933]: IDLE {"metadata":{"emulator":{"name":"functions"},"function":{"name":"us-central1-api"},"extension":{},"message":"[worker-us-central1-api-15b24716-6e4b-4d53-8303-30f4cc68d933]: IDLE"}}
[debug] [2024-05-27T12:16:26.939Z] [worker-pool] submitRequest(triggerId=us-central1-api) {"metadata":{"emulator":{"name":"functions"},"message":"[worker-pool] submitRequest(triggerId=us-central1-api)"}}
[info] i  functions: Beginning execution of "us-central1-api" {"metadata":{"emulator":{"name":"functions"},"function":{"name":"us-central1-api"},"extension":{},"message":"Beginning execution of \"us-central1-api\""}}
[debug] [2024-05-27T12:16:26.941Z] [worker-us-central1-api-15b24716-6e4b-4d53-8303-30f4cc68d933]: BUSY {"metadata":{"emulator":{"name":"functions"},"function":{"name":"us-central1-api"},"extension":{},"message":"[worker-us-central1-api-15b24716-6e4b-4d53-8303-30f4cc68d933]: BUSY"}}
[debug] [2024-05-27T12:16:28.217Z] Finishing up request with event=pause {"metadata":{"emulator":{"name":"functions"},"function":{"name":"us-central1-api"},"extension":{},"message":"Finishing up request with event=pause"}}
[info] i  functions: Finished "us-central1-api" in 1277.839859ms {"metadata":{"emulator":{"name":"functions"},"function":{"name":"us-central1-api"},"extension":{},"message":"Finished \"us-central1-api\" in 1277.839859ms"}}
[debug] [2024-05-27T12:16:28.227Z] [worker-us-central1-api-15b24716-6e4b-4d53-8303-30f4cc68d933]: IDLE {"metadata":{"emulator":{"name":"functions"},"function":{"name":"us-central1-api"},"extension":{},"message":"[worker-us-central1-api-15b24716-6e4b-4d53-8303-30f4cc68d933]: IDLE"}}
[debug] [2024-05-27T12:16:28.228Z] Finishing up request with event=finish {"metadata":{"emulator":{"name":"functions"},"function":{"name":"us-central1-api"},"extension":{},"message":"Finishing up request with event=finish"}}
[debug] [2024-05-27T12:16:28.236Z] Finishing up request with event=close {"metadata":{"emulator":{"name":"functions"},"function":{"name":"us-central1-api"},"extension":{},"message":"Finishing up request with event=close"}}
[debug] [2024-05-27T12:16:28.237Z] [work-queue] {"queuedWork":[],"queueLength":0,"runningWork":[],"workRunningCount":0}
[debug] [2024-05-27T12:18:29.237Z] [work-queue] {"queuedWork":["/n-clone-8318b/us-central1/api/payment/create-2024-05-27T12:18:29.237Z"],"queueLength":1,"runningWork":[],"workRunningCount":0}
[debug] [2024-05-27T12:18:29.237Z] [work-queue] {"queuedWork":[],"queueLength":0,"runningWork":["/n-clone-8318b/us-central1/api/payment/create-2024-05-27T12:18:29.237Z"],"workRunningCount":1}
[debug] [2024-05-27T12:18:29.238Z] Accepted request POST /n-clone-8318b/us-central1/api/payment/create?total=14519&currency=USD --> us-central1-api
[debug] [2024-05-27T12:18:29.242Z] [functions] Runtime ready! Sending request! {"metadata":{"emulator":{"name":"functions"},"message":"[functions] Runtime ready! Sending request!"}}
[debug] [2024-05-27T12:18:29.243Z] [functions] Got req.url=/n-clone-8318b/us-central1/api/payment/create?total=14519&currency=USD, mapping to path=/payment/create?total=14519&currency=USD {"metadata":{"emulator":{"name":"functions"},"message":"[functions] Got req.url=/n-clone-8318b/us-central1/api/payment/create?total=14519&currency=USD, mapping to path=/payment/create?total=14519&currency=USD"}}
[debug] [2024-05-27T12:18:29.243Z] [worker-pool] submitRequest(triggerId=us-central1-api) {"metadata":{"emulator":{"name":"functions"},"message":"[worker-pool] submitRequest(triggerId=us-central1-api)"}}
[info] i  functions: Beginning execution of "us-central1-api" {"metadata":{"emulator":{"name":"functions"},"function":{"name":"us-central1-api"},"extension":{},"message":"Beginning execution of \"us-central1-api\""}}
[debug] [2024-05-27T12:18:29.244Z] [worker-us-central1-api-15b24716-6e4b-4d53-8303-30f4cc68d933]: BUSY {"metadata":{"emulator":{"name":"functions"},"function":{"name":"us-central1-api"},"extension":{},"message":"[worker-us-central1-api-15b24716-6e4b-4d53-8303-30f4cc68d933]: BUSY"}}
[debug] [2024-05-27T12:18:32.864Z] Finishing up request with event=pause {"metadata":{"emulator":{"name":"functions"},"function":{"name":"us-central1-api"},"extension":{},"message":"Finishing up request with event=pause"}}
[info] i  functions: Finished "us-central1-api" in 3621.063462ms {"metadata":{"emulator":{"name":"functions"},"function":{"name":"us-central1-api"},"extension":{},"message":"Finished \"us-central1-api\" in 3621.063462ms"}}
[debug] [2024-05-27T12:18:32.869Z] [worker-us-central1-api-15b24716-6e4b-4d53-8303-30f4cc68d933]: IDLE {"metadata":{"emulator":{"name":"functions"},"function":{"name":"us-central1-api"},"extension":{},"message":"[worker-us-central1-api-15b24716-6e4b-4d53-8303-30f4cc68d933]: IDLE"}}
[debug] [2024-05-27T12:18:32.870Z] Finishing up request with event=finish {"metadata":{"emulator":{"name":"functions"},"function":{"name":"us-central1-api"},"extension":{},"message":"Finishing up request with event=finish"}}
[debug] [2024-05-27T12:18:32.871Z] Finishing up request with event=close {"metadata":{"emulator":{"name":"functions"},"function":{"name":"us-central1-api"},"extension":{},"message":"Finishing up request with event=close"}}
[debug] [2024-05-27T12:18:32.872Z] [work-queue] {"queuedWork":[],"queueLength":0,"runningWork":[],"workRunningCount":0}
[debug] [2024-05-27T12:18:45.622Z] [work-queue] {"queuedWork":["/n-clone-8318b/us-central1/api/payment/create-2024-05-27T12:18:45.621Z"],"queueLength":1,"runningWork":[],"workRunningCount":0}
[debug] [2024-05-27T12:18:45.622Z] [work-queue] {"queuedWork":[],"queueLength":0,"runningWork":["/n-clone-8318b/us-central1/api/payment/create-2024-05-27T12:18:45.621Z"],"workRunningCount":1}
[debug] [2024-05-27T12:18:45.622Z] Accepted request POST /n-clone-8318b/us-central1/api/payment/create?total=14519&currency=USD --> us-central1-api
[debug] [2024-05-27T12:18:45.627Z] [functions] Runtime ready! Sending request! {"metadata":{"emulator":{"name":"functions"},"message":"[functions] Runtime ready! Sending request!"}}
[debug] [2024-05-27T12:18:45.628Z] [functions] Got req.url=/n-clone-8318b/us-central1/api/payment/create?total=14519&currency=USD, mapping to path=/payment/create?total=14519&currency=USD {"metadata":{"emulator":{"name":"functions"},"message":"[functions] Got req.url=/n-clone-8318b/us-central1/api/payment/create?total=14519&currency=USD, mapping to path=/payment/create?total=14519&currency=USD"}}
[debug] [2024-05-27T12:18:45.628Z] [worker-pool] submitRequest(triggerId=us-central1-api) {"metadata":{"emulator":{"name":"functions"},"message":"[worker-pool] submitRequest(triggerId=us-central1-api)"}}
[info] i  functions: Beginning execution of "us-central1-api" {"metadata":{"emulator":{"name":"functions"},"function":{"name":"us-central1-api"},"extension":{},"message":"Beginning execution of \"us-central1-api\""}}
[debug] [2024-05-27T12:18:45.629Z] [worker-us-central1-api-15b24716-6e4b-4d53-8303-30f4cc68d933]: BUSY {"metadata":{"emulator":{"name":"functions"},"function":{"name":"us-central1-api"},"extension":{},"message":"[worker-us-central1-api-15b24716-6e4b-4d53-8303-30f4cc68d933]: BUSY"}}
[debug] [2024-05-27T12:18:46.144Z] Finishing up request with event=pause {"metadata":{"emulator":{"name":"functions"},"function":{"name":"us-central1-api"},"extension":{},"message":"Finishing up request with event=pause"}}
[info] i  functions: Finished "us-central1-api" in 516.025622ms {"metadata":{"emulator":{"name":"functions"},"function":{"name":"us-central1-api"},"extension":{},"message":"Finished \"us-central1-api\" in 516.025622ms"}}
[debug] [2024-05-27T12:18:46.147Z] [worker-us-central1-api-15b24716-6e4b-4d53-8303-30f4cc68d933]: IDLE {"metadata":{"emulator":{"name":"functions"},"function":{"name":"us-central1-api"},"extension":{},"message":"[worker-us-central1-api-15b24716-6e4b-4d53-8303-30f4cc68d933]: IDLE"}}
[debug] [2024-05-27T12:18:46.148Z] Finishing up request with event=finish {"metadata":{"emulator":{"name":"functions"},"function":{"name":"us-central1-api"},"extension":{},"message":"Finishing up request with event=finish"}}
[debug] [2024-05-27T12:18:46.149Z] Finishing up request with event=close {"metadata":{"emulator":{"name":"functions"},"function":{"name":"us-central1-api"},"extension":{},"message":"Finishing up request with event=close"}}
[debug] [2024-05-27T12:18:46.152Z] [work-queue] {"queuedWork":[],"queueLength":0,"runningWork":[],"workRunningCount":0}
[debug] [2024-05-27T12:31:05.709Z] [work-queue] {"queuedWork":["/n-clone-8318b/us-central1/api/payment/create-2024-05-27T12:31:05.709Z"],"queueLength":1,"runningWork":[],"workRunningCount":0}
[debug] [2024-05-27T12:31:05.710Z] [work-queue] {"queuedWork":[],"queueLength":0,"runningWork":["/n-clone-8318b/us-central1/api/payment/create-2024-05-27T12:31:05.709Z"],"workRunningCount":1}
[debug] [2024-05-27T12:31:05.710Z] Accepted request POST /n-clone-8318b/us-central1/api/payment/create?total=14519&currency=USD --> us-central1-api
[debug] [2024-05-27T12:31:05.715Z] [functions] Runtime ready! Sending request! {"metadata":{"emulator":{"name":"functions"},"message":"[functions] Runtime ready! Sending request!"}}
[debug] [2024-05-27T12:31:05.715Z] [functions] Got req.url=/n-clone-8318b/us-central1/api/payment/create?total=14519&currency=USD, mapping to path=/payment/create?total=14519&currency=USD {"metadata":{"emulator":{"name":"functions"},"message":"[functions] Got req.url=/n-clone-8318b/us-central1/api/payment/create?total=14519&currency=USD, mapping to path=/payment/create?total=14519&currency=USD"}}
[debug] [2024-05-27T12:31:05.715Z] [worker-pool] submitRequest(triggerId=us-central1-api) {"metadata":{"emulator":{"name":"functions"},"message":"[worker-pool] submitRequest(triggerId=us-central1-api)"}}
[info] i  functions: Beginning execution of "us-central1-api" {"metadata":{"emulator":{"name":"functions"},"function":{"name":"us-central1-api"},"extension":{},"message":"Beginning execution of \"us-central1-api\""}}
[debug] [2024-05-27T12:31:05.717Z] [worker-us-central1-api-15b24716-6e4b-4d53-8303-30f4cc68d933]: BUSY {"metadata":{"emulator":{"name":"functions"},"function":{"name":"us-central1-api"},"extension":{},"message":"[worker-us-central1-api-15b24716-6e4b-4d53-8303-30f4cc68d933]: BUSY"}}
[debug] [2024-05-27T12:31:08.677Z] Finishing up request with event=pause {"metadata":{"emulator":{"name":"functions"},"function":{"name":"us-central1-api"},"extension":{},"message":"Finishing up request with event=pause"}}
[info] i  functions: Finished "us-central1-api" in 2960.718118ms {"metadata":{"emulator":{"name":"functions"},"function":{"name":"us-central1-api"},"extension":{},"message":"Finished \"us-central1-api\" in 2960.718118ms"}}
[debug] [2024-05-27T12:31:08.679Z] [worker-us-central1-api-15b24716-6e4b-4d53-8303-30f4cc68d933]: IDLE {"metadata":{"emulator":{"name":"functions"},"function":{"name":"us-central1-api"},"extension":{},"message":"[worker-us-central1-api-15b24716-6e4b-4d53-8303-30f4cc68d933]: IDLE"}}
[debug] [2024-05-27T12:31:08.680Z] Finishing up request with event=finish {"metadata":{"emulator":{"name":"functions"},"function":{"name":"us-central1-api"},"extension":{},"message":"Finishing up request with event=finish"}}
[debug] [2024-05-27T12:31:08.681Z] Finishing up request with event=close {"metadata":{"emulator":{"name":"functions"},"function":{"name":"us-central1-api"},"extension":{},"message":"Finishing up request with event=close"}}
[debug] [2024-05-27T12:31:08.682Z] [work-queue] {"queuedWork":[],"queueLength":0,"runningWork":[],"workRunningCount":0}
[debug] [2024-05-27T12:40:12.183Z] [work-queue] {"queuedWork":["/n-clone-8318b/us-central1/api/payment/create-2024-05-27T12:40:12.183Z"],"queueLength":1,"runningWork":[],"workRunningCount":0}
[debug] [2024-05-27T12:40:12.183Z] [work-queue] {"queuedWork":[],"queueLength":0,"runningWork":["/n-clone-8318b/us-central1/api/payment/create-2024-05-27T12:40:12.183Z"],"workRunningCount":1}
[debug] [2024-05-27T12:40:12.183Z] Accepted request POST /n-clone-8318b/us-central1/api/payment/create?total=14519&currency=USD --> us-central1-api
[debug] [2024-05-27T12:40:12.192Z] [functions] Runtime ready! Sending request! {"metadata":{"emulator":{"name":"functions"},"message":"[functions] Runtime ready! Sending request!"}}
[debug] [2024-05-27T12:40:12.192Z] [functions] Got req.url=/n-clone-8318b/us-central1/api/payment/create?total=14519&currency=USD, mapping to path=/payment/create?total=14519&currency=USD {"metadata":{"emulator":{"name":"functions"},"message":"[functions] Got req.url=/n-clone-8318b/us-central1/api/payment/create?total=14519&currency=USD, mapping to path=/payment/create?total=14519&currency=USD"}}
[debug] [2024-05-27T12:40:12.193Z] [worker-pool] submitRequest(triggerId=us-central1-api) {"metadata":{"emulator":{"name":"functions"},"message":"[worker-pool] submitRequest(triggerId=us-central1-api)"}}
[info] i  functions: Beginning execution of "us-central1-api" {"metadata":{"emulator":{"name":"functions"},"function":{"name":"us-central1-api"},"extension":{},"message":"Beginning execution of \"us-central1-api\""}}
[debug] [2024-05-27T12:40:12.194Z] [worker-us-central1-api-15b24716-6e4b-4d53-8303-30f4cc68d933]: BUSY {"metadata":{"emulator":{"name":"functions"},"function":{"name":"us-central1-api"},"extension":{},"message":"[worker-us-central1-api-15b24716-6e4b-4d53-8303-30f4cc68d933]: BUSY"}}
[debug] [2024-05-27T12:40:13.424Z] Finishing up request with event=pause {"metadata":{"emulator":{"name":"functions"},"function":{"name":"us-central1-api"},"extension":{},"message":"Finishing up request with event=pause"}}
[info] i  functions: Finished "us-central1-api" in 1230.600641ms {"metadata":{"emulator":{"name":"functions"},"function":{"name":"us-central1-api"},"extension":{},"message":"Finished \"us-central1-api\" in 1230.600641ms"}}
[debug] [2024-05-27T12:40:13.427Z] [worker-us-central1-api-15b24716-6e4b-4d53-8303-30f4cc68d933]: IDLE {"metadata":{"emulator":{"name":"functions"},"function":{"name":"us-central1-api"},"extension":{},"message":"[worker-us-central1-api-15b24716-6e4b-4d53-8303-30f4cc68d933]: IDLE"}}
[debug] [2024-05-27T12:40:13.428Z] Finishing up request with event=finish {"metadata":{"emulator":{"name":"functions"},"function":{"name":"us-central1-api"},"extension":{},"message":"Finishing up request with event=finish"}}
[debug] [2024-05-27T12:40:13.433Z] Finishing up request with event=close {"metadata":{"emulator":{"name":"functions"},"function":{"name":"us-central1-api"},"extension":{},"message":"Finishing up request with event=close"}}
[debug] [2024-05-27T12:40:13.434Z] [work-queue] {"queuedWork":[],"queueLength":0,"runningWork":[],"workRunningCount":0}
[debug] [2024-05-27T12:53:58.195Z] [work-queue] {"queuedWork":["/n-clone-8318b/us-central1/api/payment/create-2024-05-27T12:53:58.195Z"],"queueLength":1,"runningWork":[],"workRunningCount":0}
[debug] [2024-05-27T12:53:58.195Z] [work-queue] {"queuedWork":[],"queueLength":0,"runningWork":["/n-clone-8318b/us-central1/api/payment/create-2024-05-27T12:53:58.195Z"],"workRunningCount":1}
[debug] [2024-05-27T12:53:58.196Z] Accepted request POST /n-clone-8318b/us-central1/api/payment/create?total=14519&currency=USD --> us-central1-api
[debug] [2024-05-27T12:53:58.199Z] [functions] Runtime ready! Sending request! {"metadata":{"emulator":{"name":"functions"},"message":"[functions] Runtime ready! Sending request!"}}
[debug] [2024-05-27T12:53:58.200Z] [functions] Got req.url=/n-clone-8318b/us-central1/api/payment/create?total=14519&currency=USD, mapping to path=/payment/create?total=14519&currency=USD {"metadata":{"emulator":{"name":"functions"},"message":"[functions] Got req.url=/n-clone-8318b/us-central1/api/payment/create?total=14519&currency=USD, mapping to path=/payment/create?total=14519&currency=USD"}}
[debug] [2024-05-27T12:53:58.200Z] [worker-pool] submitRequest(triggerId=us-central1-api) {"metadata":{"emulator":{"name":"functions"},"message":"[worker-pool] submitRequest(triggerId=us-central1-api)"}}
[info] i  functions: Beginning execution of "us-central1-api" {"metadata":{"emulator":{"name":"functions"},"function":{"name":"us-central1-api"},"extension":{},"message":"Beginning execution of \"us-central1-api\""}}
[debug] [2024-05-27T12:53:58.200Z] [worker-us-central1-api-15b24716-6e4b-4d53-8303-30f4cc68d933]: BUSY {"metadata":{"emulator":{"name":"functions"},"function":{"name":"us-central1-api"},"extension":{},"message":"[worker-us-central1-api-15b24716-6e4b-4d53-8303-30f4cc68d933]: BUSY"}}
[debug] [2024-05-27T12:53:59.416Z] Finishing up request with event=pause {"metadata":{"emulator":{"name":"functions"},"function":{"name":"us-central1-api"},"extension":{},"message":"Finishing up request with event=pause"}}
[info] i  functions: Finished "us-central1-api" in 1217.404859ms {"metadata":{"emulator":{"name":"functions"},"function":{"name":"us-central1-api"},"extension":{},"message":"Finished \"us-central1-api\" in 1217.404859ms"}}
[debug] [2024-05-27T12:53:59.419Z] [worker-us-central1-api-15b24716-6e4b-4d53-8303-30f4cc68d933]: IDLE {"metadata":{"emulator":{"name":"functions"},"function":{"name":"us-central1-api"},"extension":{},"message":"[worker-us-central1-api-15b24716-6e4b-4d53-8303-30f4cc68d933]: IDLE"}}
[debug] [2024-05-27T12:53:59.420Z] Finishing up request with event=finish {"metadata":{"emulator":{"name":"functions"},"function":{"name":"us-central1-api"},"extension":{},"message":"Finishing up request with event=finish"}}
[debug] [2024-05-27T12:53:59.421Z] Finishing up request with event=close {"metadata":{"emulator":{"name":"functions"},"function":{"name":"us-central1-api"},"extension":{},"message":"Finishing up request with event=close"}}
[debug] [2024-05-27T12:53:59.421Z] [work-queue] {"queuedWork":[],"queueLength":0,"runningWork":[],"workRunningCount":0}
[debug] [2024-05-27T13:23:59.565Z] [work-queue] {"queuedWork":["/n-clone-8318b/us-central1/api/payment/create-2024-05-27T13:23:59.565Z"],"queueLength":1,"runningWork":[],"workRunningCount":0}
[debug] [2024-05-27T13:23:59.566Z] [work-queue] {"queuedWork":[],"queueLength":0,"runningWork":["/n-clone-8318b/us-central1/api/payment/create-2024-05-27T13:23:59.565Z"],"workRunningCount":1}
[debug] [2024-05-27T13:23:59.566Z] Accepted request POST /n-clone-8318b/us-central1/api/payment/create?total=21800&currency=USD --> us-central1-api
[debug] [2024-05-27T13:23:59.569Z] [functions] Runtime ready! Sending request! {"metadata":{"emulator":{"name":"functions"},"message":"[functions] Runtime ready! Sending request!"}}
[debug] [2024-05-27T13:23:59.570Z] [functions] Got req.url=/n-clone-8318b/us-central1/api/payment/create?total=21800&currency=USD, mapping to path=/payment/create?total=21800&currency=USD {"metadata":{"emulator":{"name":"functions"},"message":"[functions] Got req.url=/n-clone-8318b/us-central1/api/payment/create?total=21800&currency=USD, mapping to path=/payment/create?total=21800&currency=USD"}}
[debug] [2024-05-27T13:23:59.570Z] [worker-pool] submitRequest(triggerId=us-central1-api) {"metadata":{"emulator":{"name":"functions"},"message":"[worker-pool] submitRequest(triggerId=us-central1-api)"}}
[info] i  functions: Beginning execution of "us-central1-api" {"metadata":{"emulator":{"name":"functions"},"function":{"name":"us-central1-api"},"extension":{},"message":"Beginning execution of \"us-central1-api\""}}
[debug] [2024-05-27T13:23:59.571Z] [worker-us-central1-api-15b24716-6e4b-4d53-8303-30f4cc68d933]: BUSY {"metadata":{"emulator":{"name":"functions"},"function":{"name":"us-central1-api"},"extension":{},"message":"[worker-us-central1-api-15b24716-6e4b-4d53-8303-30f4cc68d933]: BUSY"}}
[debug] [2024-05-27T13:24:00.970Z] Finishing up request with event=pause {"metadata":{"emulator":{"name":"functions"},"function":{"name":"us-central1-api"},"extension":{},"message":"Finishing up request with event=pause"}}
[info] i  functions: Finished "us-central1-api" in 1400.681284ms {"metadata":{"emulator":{"name":"functions"},"function":{"name":"us-central1-api"},"extension":{},"message":"Finished \"us-central1-api\" in 1400.681284ms"}}
[debug] [2024-05-27T13:24:00.975Z] [worker-us-central1-api-15b24716-6e4b-4d53-8303-30f4cc68d933]: IDLE {"metadata":{"emulator":{"name":"functions"},"function":{"name":"us-central1-api"},"extension":{},"message":"[worker-us-central1-api-15b24716-6e4b-4d53-8303-30f4cc68d933]: IDLE"}}
[debug] [2024-05-27T13:24:00.976Z] Finishing up request with event=finish {"metadata":{"emulator":{"name":"functions"},"function":{"name":"us-central1-api"},"extension":{},"message":"Finishing up request with event=finish"}}
[debug] [2024-05-27T13:24:00.977Z] Finishing up request with event=close {"metadata":{"emulator":{"name":"functions"},"function":{"name":"us-central1-api"},"extension":{},"message":"Finishing up request with event=close"}}
[debug] [2024-05-27T13:24:00.978Z] [work-queue] {"queuedWork":[],"queueLength":0,"runningWork":[],"workRunningCount":0}
